0 info it worked if it ends with ok
1 verbose cli [ 'C:\\Program Files\\nodejs\\node.exe',
1 verbose cli   'C:\\Program Files\\nodejs\\node_modules\\npm\\bin\\npm-cli.js',
1 verbose cli   'install',
1 verbose cli   'ccap' ]
2 info using npm@4.1.2
3 info using node@v7.5.0
4 silly loadCurrentTree Starting
5 silly install loadCurrentTree
6 silly install readLocalPackageData
7 silly fetchPackageMetaData ccap
8 silly fetchNamedPackageData ccap
9 silly mapToRegistry name ccap
10 silly mapToRegistry using default registry
11 silly mapToRegistry registry https://registry.npmjs.org/
12 silly mapToRegistry data Result {
12 silly mapToRegistry   raw: 'ccap',
12 silly mapToRegistry   scope: null,
12 silly mapToRegistry   escapedName: 'ccap',
12 silly mapToRegistry   name: 'ccap',
12 silly mapToRegistry   rawSpec: '',
12 silly mapToRegistry   spec: 'latest',
12 silly mapToRegistry   type: 'tag' }
13 silly mapToRegistry uri https://registry.npmjs.org/ccap
14 verbose request uri https://registry.npmjs.org/ccap
15 verbose request no auth needed
16 info attempt registry request try #1 at 20:11:54
17 verbose request id 5b3c19fbd346cc65
18 verbose etag W/"5823ec1f-c5f1"
19 verbose lastModified Thu, 10 Nov 2016 03:40:15 GMT
20 http request GET https://registry.npmjs.org/ccap
21 http 304 https://registry.npmjs.org/ccap
22 verbose headers { date: 'Sun, 26 Feb 2017 12:11:53 GMT',
22 verbose headers   via: '1.1 varnish',
22 verbose headers   'cache-control': 'max-age=300',
22 verbose headers   etag: 'W/"5823ec1f-c5f1"',
22 verbose headers   age: '0',
22 verbose headers   connection: 'keep-alive',
22 verbose headers   'x-served-by': 'cache-hkg6824-HKG',
22 verbose headers   'x-cache': 'MISS',
22 verbose headers   'x-cache-hits': '0',
22 verbose headers   'x-timer': 'S1488111113.284747,VS0,VE356',
22 verbose headers   vary: 'Accept-Encoding' }
23 silly get cb [ 304,
23 silly get   { date: 'Sun, 26 Feb 2017 12:11:53 GMT',
23 silly get     via: '1.1 varnish',
23 silly get     'cache-control': 'max-age=300',
23 silly get     etag: 'W/"5823ec1f-c5f1"',
23 silly get     age: '0',
23 silly get     connection: 'keep-alive',
23 silly get     'x-served-by': 'cache-hkg6824-HKG',
23 silly get     'x-cache': 'MISS',
23 silly get     'x-cache-hits': '0',
23 silly get     'x-timer': 'S1488111113.284747,VS0,VE356',
23 silly get     vary: 'Accept-Encoding' } ]
24 verbose etag https://registry.npmjs.org/ccap from cache
25 verbose get saving ccap to C:\Users\魏巍\AppData\Roaming\npm-cache\registry.npmjs.org\ccap\.cache.json
26 verbose correctMkdir C:\Users\魏巍\AppData\Roaming\npm-cache correctMkdir not in flight; initializing
27 silly install normalizeTree
28 silly loadCurrentTree Finishing
29 silly loadIdealTree Starting
30 silly install loadIdealTree
31 silly cloneCurrentTree Starting
32 silly install cloneCurrentTreeToIdealTree
33 silly cloneCurrentTree Finishing
34 silly loadShrinkwrap Starting
35 silly install loadShrinkwrap
36 silly loadShrinkwrap Finishing
37 silly loadAllDepsIntoIdealTree Starting
38 silly install loadAllDepsIntoIdealTree
39 silly resolveWithNewModule ccap@0.6.10 checking installable status
40 silly cache add args [ 'ccap', null ]
41 verbose cache add spec ccap
42 silly cache add parsed spec Result {
42 silly cache add   raw: 'ccap',
42 silly cache add   scope: null,
42 silly cache add   escapedName: 'ccap',
42 silly cache add   name: 'ccap',
42 silly cache add   rawSpec: '',
42 silly cache add   spec: 'latest',
42 silly cache add   type: 'tag' }
43 silly addNamed ccap@latest
44 verbose addNamed "latest" is being treated as a dist-tag for ccap
45 info addNameTag [ 'ccap', 'latest' ]
46 silly mapToRegistry name ccap
47 silly mapToRegistry using default registry
48 silly mapToRegistry registry https://registry.npmjs.org/
49 silly mapToRegistry data Result {
49 silly mapToRegistry   raw: 'ccap',
49 silly mapToRegistry   scope: null,
49 silly mapToRegistry   escapedName: 'ccap',
49 silly mapToRegistry   name: 'ccap',
49 silly mapToRegistry   rawSpec: '',
49 silly mapToRegistry   spec: 'latest',
49 silly mapToRegistry   type: 'tag' }
50 silly mapToRegistry uri https://registry.npmjs.org/ccap
51 verbose addNameTag registry:https://registry.npmjs.org/ccap not in flight; fetching
52 verbose get https://registry.npmjs.org/ccap not expired, no request
53 silly addNameTag next cb for ccap with tag latest
54 silly addNamed ccap@0.6.10
55 verbose addNamed "0.6.10" is a plain semver version for ccap
56 silly cache afterAdd ccap@0.6.10
57 verbose afterAdd C:\Users\魏巍\AppData\Roaming\npm-cache\ccap\0.6.10\package\package.json not in flight; writing
58 verbose correctMkdir C:\Users\魏巍\AppData\Roaming\npm-cache correctMkdir not in flight; initializing
59 verbose afterAdd C:\Users\魏巍\AppData\Roaming\npm-cache\ccap\0.6.10\package\package.json written
60 silly fetchNamedPackageData async
61 silly mapToRegistry name async
62 silly mapToRegistry using default registry
63 silly mapToRegistry registry https://registry.npmjs.org/
64 silly mapToRegistry data Result {
64 silly mapToRegistry   raw: 'async',
64 silly mapToRegistry   scope: null,
64 silly mapToRegistry   escapedName: 'async',
64 silly mapToRegistry   name: 'async',
64 silly mapToRegistry   rawSpec: '',
64 silly mapToRegistry   spec: 'latest',
64 silly mapToRegistry   type: 'tag' }
65 silly mapToRegistry uri https://registry.npmjs.org/async
66 silly fetchNamedPackageData node-schedule
67 silly mapToRegistry name node-schedule
68 silly mapToRegistry using default registry
69 silly mapToRegistry registry https://registry.npmjs.org/
70 silly mapToRegistry data Result {
70 silly mapToRegistry   raw: 'node-schedule',
70 silly mapToRegistry   scope: null,
70 silly mapToRegistry   escapedName: 'node-schedule',
70 silly mapToRegistry   name: 'node-schedule',
70 silly mapToRegistry   rawSpec: '',
70 silly mapToRegistry   spec: 'latest',
70 silly mapToRegistry   type: 'tag' }
71 silly mapToRegistry uri https://registry.npmjs.org/node-schedule
72 silly fetchNamedPackageData nan
73 silly mapToRegistry name nan
74 silly mapToRegistry using default registry
75 silly mapToRegistry registry https://registry.npmjs.org/
76 silly mapToRegistry data Result {
76 silly mapToRegistry   raw: 'nan',
76 silly mapToRegistry   scope: null,
76 silly mapToRegistry   escapedName: 'nan',
76 silly mapToRegistry   name: 'nan',
76 silly mapToRegistry   rawSpec: '',
76 silly mapToRegistry   spec: 'latest',
76 silly mapToRegistry   type: 'tag' }
77 silly mapToRegistry uri https://registry.npmjs.org/nan
78 verbose request uri https://registry.npmjs.org/nan
79 verbose request no auth needed
80 info attempt registry request try #1 at 20:11:56
81 verbose etag W/"58a44b6b-1df62"
82 verbose lastModified Wed, 15 Feb 2017 12:36:59 GMT
83 http request GET https://registry.npmjs.org/nan
84 verbose request uri https://registry.npmjs.org/async
85 verbose request no auth needed
86 info attempt registry request try #1 at 20:11:56
87 verbose etag W/"58aeb2bf-1e041"
88 verbose lastModified Thu, 23 Feb 2017 10:00:31 GMT
89 http request GET https://registry.npmjs.org/async
90 verbose request uri https://registry.npmjs.org/node-schedule
91 verbose request no auth needed
92 info attempt registry request try #1 at 20:11:56
93 verbose etag W/"58a5bef6-c1ce"
94 verbose lastModified Thu, 16 Feb 2017 15:02:14 GMT
95 http request GET https://registry.npmjs.org/node-schedule
96 http 304 https://registry.npmjs.org/nan
97 verbose headers { date: 'Sun, 26 Feb 2017 12:11:54 GMT',
97 verbose headers   via: '1.1 varnish',
97 verbose headers   'cache-control': 'max-age=300',
97 verbose headers   etag: 'W/"58a44b6b-1df62"',
97 verbose headers   age: '234',
97 verbose headers   connection: 'keep-alive',
97 verbose headers   'x-served-by': 'cache-hkg6824-HKG',
97 verbose headers   'x-cache': 'HIT',
97 verbose headers   'x-cache-hits': '2',
97 verbose headers   'x-timer': 'S1488111114.593770,VS0,VE0',
97 verbose headers   vary: 'Accept-Encoding' }
98 silly get cb [ 304,
98 silly get   { date: 'Sun, 26 Feb 2017 12:11:54 GMT',
98 silly get     via: '1.1 varnish',
98 silly get     'cache-control': 'max-age=300',
98 silly get     etag: 'W/"58a44b6b-1df62"',
98 silly get     age: '234',
98 silly get     connection: 'keep-alive',
98 silly get     'x-served-by': 'cache-hkg6824-HKG',
98 silly get     'x-cache': 'HIT',
98 silly get     'x-cache-hits': '2',
98 silly get     'x-timer': 'S1488111114.593770,VS0,VE0',
98 silly get     vary: 'Accept-Encoding' } ]
99 verbose etag https://registry.npmjs.org/nan from cache
100 verbose get saving nan to C:\Users\魏巍\AppData\Roaming\npm-cache\registry.npmjs.org\nan\.cache.json
101 verbose correctMkdir C:\Users\魏巍\AppData\Roaming\npm-cache correctMkdir not in flight; initializing
102 silly pickManifestFromRegistryMetadata spec 1.7.0 tag latest versions [ '0.3.0-wip',
102 silly pickManifestFromRegistryMetadata   '0.3.0-wip2',
102 silly pickManifestFromRegistryMetadata   '0.3.0',
102 silly pickManifestFromRegistryMetadata   '0.3.1',
102 silly pickManifestFromRegistryMetadata   '0.3.2',
102 silly pickManifestFromRegistryMetadata   '0.4.0',
102 silly pickManifestFromRegistryMetadata   '0.4.1',
102 silly pickManifestFromRegistryMetadata   '0.4.2',
102 silly pickManifestFromRegistryMetadata   '0.4.3',
102 silly pickManifestFromRegistryMetadata   '0.4.4',
102 silly pickManifestFromRegistryMetadata   '0.5.0',
102 silly pickManifestFromRegistryMetadata   '0.5.1',
102 silly pickManifestFromRegistryMetadata   '0.5.2',
102 silly pickManifestFromRegistryMetadata   '0.6.0',
102 silly pickManifestFromRegistryMetadata   '0.7.0',
102 silly pickManifestFromRegistryMetadata   '0.7.1',
102 silly pickManifestFromRegistryMetadata   '0.8.0',
102 silly pickManifestFromRegistryMetadata   '1.0.0',
102 silly pickManifestFromRegistryMetadata   '1.1.0',
102 silly pickManifestFromRegistryMetadata   '1.1.1',
102 silly pickManifestFromRegistryMetadata   '1.1.2',
102 silly pickManifestFromRegistryMetadata   '1.2.0',
102 silly pickManifestFromRegistryMetadata   '1.3.0',
102 silly pickManifestFromRegistryMetadata   '1.4.0',
102 silly pickManifestFromRegistryMetadata   '1.4.1',
102 silly pickManifestFromRegistryMetadata   '1.5.0',
102 silly pickManifestFromRegistryMetadata   '1.4.2',
102 silly pickManifestFromRegistryMetadata   '1.4.3',
102 silly pickManifestFromRegistryMetadata   '1.5.1',
102 silly pickManifestFromRegistryMetadata   '1.5.2',
102 silly pickManifestFromRegistryMetadata   '1.6.0',
102 silly pickManifestFromRegistryMetadata   '1.5.3',
102 silly pickManifestFromRegistryMetadata   '1.6.1',
102 silly pickManifestFromRegistryMetadata   '1.6.2',
102 silly pickManifestFromRegistryMetadata   '1.7.0',
102 silly pickManifestFromRegistryMetadata   '1.8.0',
102 silly pickManifestFromRegistryMetadata   '1.8.1',
102 silly pickManifestFromRegistryMetadata   '1.8.2',
102 silly pickManifestFromRegistryMetadata   '1.8.3',
102 silly pickManifestFromRegistryMetadata   '1.8.4',
102 silly pickManifestFromRegistryMetadata   '1.9.0',
102 silly pickManifestFromRegistryMetadata   '2.0.0',
102 silly pickManifestFromRegistryMetadata   '2.0.1',
102 silly pickManifestFromRegistryMetadata   '2.0.2',
102 silly pickManifestFromRegistryMetadata   '2.0.3',
102 silly pickManifestFromRegistryMetadata   '2.0.4',
102 silly pickManifestFromRegistryMetadata   '2.0.5',
102 silly pickManifestFromRegistryMetadata   '2.0.6',
102 silly pickManifestFromRegistryMetadata   '2.0.7',
102 silly pickManifestFromRegistryMetadata   '2.0.8',
102 silly pickManifestFromRegistryMetadata   '2.0.9',
102 silly pickManifestFromRegistryMetadata   '2.1.0',
102 silly pickManifestFromRegistryMetadata   '2.2.0',
102 silly pickManifestFromRegistryMetadata   '2.2.1',
102 silly pickManifestFromRegistryMetadata   '2.3.0',
102 silly pickManifestFromRegistryMetadata   '2.3.1',
102 silly pickManifestFromRegistryMetadata   '2.3.2',
102 silly pickManifestFromRegistryMetadata   '2.3.3',
102 silly pickManifestFromRegistryMetadata   '2.3.4',
102 silly pickManifestFromRegistryMetadata   '2.3.5',
102 silly pickManifestFromRegistryMetadata   '2.4.0',
102 silly pickManifestFromRegistryMetadata   '2.5.0',
102 silly pickManifestFromRegistryMetadata   '2.5.1' ]
103 silly resolveWithNewModule nan@1.7.0 checking installable status
104 silly cache add args [ 'nan@1.7.0', null ]
105 verbose cache add spec nan@1.7.0
106 silly cache add parsed spec Result {
106 silly cache add   raw: 'nan@1.7.0',
106 silly cache add   scope: null,
106 silly cache add   escapedName: 'nan',
106 silly cache add   name: 'nan',
106 silly cache add   rawSpec: '1.7.0',
106 silly cache add   spec: '1.7.0',
106 silly cache add   type: 'version' }
107 silly addNamed nan@1.7.0
108 verbose addNamed "1.7.0" is a plain semver version for nan
109 silly mapToRegistry name nan
110 silly mapToRegistry using default registry
111 silly mapToRegistry registry https://registry.npmjs.org/
112 silly mapToRegistry data Result {
112 silly mapToRegistry   raw: 'nan',
112 silly mapToRegistry   scope: null,
112 silly mapToRegistry   escapedName: 'nan',
112 silly mapToRegistry   name: 'nan',
112 silly mapToRegistry   rawSpec: '',
112 silly mapToRegistry   spec: 'latest',
112 silly mapToRegistry   type: 'tag' }
113 silly mapToRegistry uri https://registry.npmjs.org/nan
114 verbose addNameVersion registry:https://registry.npmjs.org/nan not in flight; fetching
115 verbose get https://registry.npmjs.org/nan not expired, no request
116 silly cache afterAdd nan@1.7.0
117 verbose afterAdd C:\Users\魏巍\AppData\Roaming\npm-cache\nan\1.7.0\package\package.json not in flight; writing
118 verbose correctMkdir C:\Users\魏巍\AppData\Roaming\npm-cache correctMkdir not in flight; initializing
119 verbose afterAdd C:\Users\魏巍\AppData\Roaming\npm-cache\nan\1.7.0\package\package.json written
120 http 304 https://registry.npmjs.org/async
121 verbose headers { date: 'Sun, 26 Feb 2017 12:11:54 GMT',
121 verbose headers   via: '1.1 varnish',
121 verbose headers   'cache-control': 'max-age=300',
121 verbose headers   etag: 'W/"58aeb2bf-1e041"',
121 verbose headers   age: '236',
121 verbose headers   connection: 'keep-alive',
121 verbose headers   'x-served-by': 'cache-hkg6824-HKG',
121 verbose headers   'x-cache': 'HIT',
121 verbose headers   'x-cache-hits': '7',
121 verbose headers   'x-timer': 'S1488111114.746082,VS0,VE0',
121 verbose headers   vary: 'Accept-Encoding' }
122 silly get cb [ 304,
122 silly get   { date: 'Sun, 26 Feb 2017 12:11:54 GMT',
122 silly get     via: '1.1 varnish',
122 silly get     'cache-control': 'max-age=300',
122 silly get     etag: 'W/"58aeb2bf-1e041"',
122 silly get     age: '236',
122 silly get     connection: 'keep-alive',
122 silly get     'x-served-by': 'cache-hkg6824-HKG',
122 silly get     'x-cache': 'HIT',
122 silly get     'x-cache-hits': '7',
122 silly get     'x-timer': 'S1488111114.746082,VS0,VE0',
122 silly get     vary: 'Accept-Encoding' } ]
123 verbose etag https://registry.npmjs.org/async from cache
124 verbose get saving async to C:\Users\魏巍\AppData\Roaming\npm-cache\registry.npmjs.org\async\.cache.json
125 verbose correctMkdir C:\Users\魏巍\AppData\Roaming\npm-cache correctMkdir not in flight; initializing
126 silly pickManifestFromRegistryMetadata spec 1.4.2 tag latest versions [ '0.1.0',
126 silly pickManifestFromRegistryMetadata   '0.1.1',
126 silly pickManifestFromRegistryMetadata   '0.1.2',
126 silly pickManifestFromRegistryMetadata   '0.1.3',
126 silly pickManifestFromRegistryMetadata   '0.1.4',
126 silly pickManifestFromRegistryMetadata   '0.1.5',
126 silly pickManifestFromRegistryMetadata   '0.1.6',
126 silly pickManifestFromRegistryMetadata   '0.1.7',
126 silly pickManifestFromRegistryMetadata   '0.1.8',
126 silly pickManifestFromRegistryMetadata   '0.1.9',
126 silly pickManifestFromRegistryMetadata   '0.1.10',
126 silly pickManifestFromRegistryMetadata   '0.1.11',
126 silly pickManifestFromRegistryMetadata   '0.1.12',
126 silly pickManifestFromRegistryMetadata   '0.1.13',
126 silly pickManifestFromRegistryMetadata   '0.1.14',
126 silly pickManifestFromRegistryMetadata   '0.1.15',
126 silly pickManifestFromRegistryMetadata   '0.1.16',
126 silly pickManifestFromRegistryMetadata   '0.1.17',
126 silly pickManifestFromRegistryMetadata   '0.1.18',
126 silly pickManifestFromRegistryMetadata   '0.1.19',
126 silly pickManifestFromRegistryMetadata   '0.1.20',
126 silly pickManifestFromRegistryMetadata   '0.1.21',
126 silly pickManifestFromRegistryMetadata   '0.1.22',
126 silly pickManifestFromRegistryMetadata   '0.2.0',
126 silly pickManifestFromRegistryMetadata   '0.2.1',
126 silly pickManifestFromRegistryMetadata   '0.2.2',
126 silly pickManifestFromRegistryMetadata   '0.2.3',
126 silly pickManifestFromRegistryMetadata   '0.2.4',
126 silly pickManifestFromRegistryMetadata   '0.2.5',
126 silly pickManifestFromRegistryMetadata   '0.2.6',
126 silly pickManifestFromRegistryMetadata   '0.2.7',
126 silly pickManifestFromRegistryMetadata   '0.2.8',
126 silly pickManifestFromRegistryMetadata   '0.2.9',
126 silly pickManifestFromRegistryMetadata   '0.2.10',
126 silly pickManifestFromRegistryMetadata   '0.3.0',
126 silly pickManifestFromRegistryMetadata   '0.4.0',
126 silly pickManifestFromRegistryMetadata   '0.4.1',
126 silly pickManifestFromRegistryMetadata   '0.5.0',
126 silly pickManifestFromRegistryMetadata   '0.6.0',
126 silly pickManifestFromRegistryMetadata   '0.6.1',
126 silly pickManifestFromRegistryMetadata   '0.6.2',
126 silly pickManifestFromRegistryMetadata   '0.7.0',
126 silly pickManifestFromRegistryMetadata   '0.8.0',
126 silly pickManifestFromRegistryMetadata   '0.9.0',
126 silly pickManifestFromRegistryMetadata   '0.9.2',
126 silly pickManifestFromRegistryMetadata   '1.0.0',
126 silly pickManifestFromRegistryMetadata   '1.1.0',
126 silly pickManifestFromRegistryMetadata   '1.2.0',
126 silly pickManifestFromRegistryMetadata   '1.1.1',
126 silly pickManifestFromRegistryMetadata   '1.2.1',
126 silly pickManifestFromRegistryMetadata   '1.3.0',
126 silly pickManifestFromRegistryMetadata   '1.4.0',
126 silly pickManifestFromRegistryMetadata   '1.4.1',
126 silly pickManifestFromRegistryMetadata   '1.4.2',
126 silly pickManifestFromRegistryMetadata   '1.5.0',
126 silly pickManifestFromRegistryMetadata   '1.5.1',
126 silly pickManifestFromRegistryMetadata   '1.5.2',
126 silly pickManifestFromRegistryMetadata   '2.0.0-alpha.0',
126 silly pickManifestFromRegistryMetadata   '2.0.0-rc.1',
126 silly pickManifestFromRegistryMetadata   '2.0.0-rc.2',
126 silly pickManifestFromRegistryMetadata   '2.0.0-rc.3',
126 silly pickManifestFromRegistryMetadata   '2.0.0-rc.4',
126 silly pickManifestFromRegistryMetadata   '2.0.0-rc.5',
126 silly pickManifestFromRegistryMetadata   '2.0.0-rc.6',
126 silly pickManifestFromRegistryMetadata   '2.0.0',
126 silly pickManifestFromRegistryMetadata   '2.0.1',
126 silly pickManifestFromRegistryMetadata   '2.1.0',
126 silly pickManifestFromRegistryMetadata   '2.1.1',
126 silly pickManifestFromRegistryMetadata   '2.1.2',
126 silly pickManifestFromRegistryMetadata   '2.1.4',
126 silly pickManifestFromRegistryMetadata   '2.1.5' ]
127 silly resolveWithNewModule async@1.4.2 checking installable status
128 silly cache add args [ 'async@1.4.2', null ]
129 verbose cache add spec async@1.4.2
130 silly cache add parsed spec Result {
130 silly cache add   raw: 'async@1.4.2',
130 silly cache add   scope: null,
130 silly cache add   escapedName: 'async',
130 silly cache add   name: 'async',
130 silly cache add   rawSpec: '1.4.2',
130 silly cache add   spec: '1.4.2',
130 silly cache add   type: 'version' }
131 silly addNamed async@1.4.2
132 verbose addNamed "1.4.2" is a plain semver version for async
133 silly mapToRegistry name async
134 silly mapToRegistry using default registry
135 silly mapToRegistry registry https://registry.npmjs.org/
136 silly mapToRegistry data Result {
136 silly mapToRegistry   raw: 'async',
136 silly mapToRegistry   scope: null,
136 silly mapToRegistry   escapedName: 'async',
136 silly mapToRegistry   name: 'async',
136 silly mapToRegistry   rawSpec: '',
136 silly mapToRegistry   spec: 'latest',
136 silly mapToRegistry   type: 'tag' }
137 silly mapToRegistry uri https://registry.npmjs.org/async
138 verbose addNameVersion registry:https://registry.npmjs.org/async not in flight; fetching
139 verbose get https://registry.npmjs.org/async not expired, no request
140 silly cache afterAdd async@1.4.2
141 verbose afterAdd C:\Users\魏巍\AppData\Roaming\npm-cache\async\1.4.2\package\package.json not in flight; writing
142 verbose correctMkdir C:\Users\魏巍\AppData\Roaming\npm-cache correctMkdir not in flight; initializing
143 verbose afterAdd C:\Users\魏巍\AppData\Roaming\npm-cache\async\1.4.2\package\package.json written
144 http 200 https://registry.npmjs.org/node-schedule
145 verbose headers { server: 'nginx/1.10.1',
145 verbose headers   'content-type': 'application/json',
145 verbose headers   'last-modified': 'Sat, 25 Feb 2017 13:29:43 GMT',
145 verbose headers   etag: 'W/"58b186c7-c1db"',
145 verbose headers   'content-encoding': 'gzip',
145 verbose headers   'cache-control': 'max-age=300',
145 verbose headers   'content-length': '8547',
145 verbose headers   'accept-ranges': 'bytes',
145 verbose headers   date: 'Sun, 26 Feb 2017 12:11:54 GMT',
145 verbose headers   via: '1.1 varnish',
145 verbose headers   age: '0',
145 verbose headers   connection: 'keep-alive',
145 verbose headers   'x-served-by': 'cache-hkg6823-HKG',
145 verbose headers   'x-cache': 'HIT',
145 verbose headers   'x-cache-hits': '1',
145 verbose headers   'x-timer': 'S1488111114.744395,VS0,VE171',
145 verbose headers   vary: 'Accept-Encoding' }
146 silly get cb [ 200,
146 silly get   { server: 'nginx/1.10.1',
146 silly get     'content-type': 'application/json',
146 silly get     'last-modified': 'Sat, 25 Feb 2017 13:29:43 GMT',
146 silly get     etag: 'W/"58b186c7-c1db"',
146 silly get     'content-encoding': 'gzip',
146 silly get     'cache-control': 'max-age=300',
146 silly get     'content-length': '8547',
146 silly get     'accept-ranges': 'bytes',
146 silly get     date: 'Sun, 26 Feb 2017 12:11:54 GMT',
146 silly get     via: '1.1 varnish',
146 silly get     age: '0',
146 silly get     connection: 'keep-alive',
146 silly get     'x-served-by': 'cache-hkg6823-HKG',
146 silly get     'x-cache': 'HIT',
146 silly get     'x-cache-hits': '1',
146 silly get     'x-timer': 'S1488111114.744395,VS0,VE171',
146 silly get     vary: 'Accept-Encoding' } ]
147 verbose get saving node-schedule to C:\Users\魏巍\AppData\Roaming\npm-cache\registry.npmjs.org\node-schedule\.cache.json
148 verbose correctMkdir C:\Users\魏巍\AppData\Roaming\npm-cache correctMkdir not in flight; initializing
149 silly pickManifestFromRegistryMetadata spec 0.1.13 tag latest versions [ '0.1.0',
149 silly pickManifestFromRegistryMetadata   '0.1.1',
149 silly pickManifestFromRegistryMetadata   '0.1.2',
149 silly pickManifestFromRegistryMetadata   '0.1.3',
149 silly pickManifestFromRegistryMetadata   '0.1.4',
149 silly pickManifestFromRegistryMetadata   '0.1.5',
149 silly pickManifestFromRegistryMetadata   '0.1.6',
149 silly pickManifestFromRegistryMetadata   '0.1.7',
149 silly pickManifestFromRegistryMetadata   '0.1.8',
149 silly pickManifestFromRegistryMetadata   '0.1.9',
149 silly pickManifestFromRegistryMetadata   '0.1.10',
149 silly pickManifestFromRegistryMetadata   '0.1.11',
149 silly pickManifestFromRegistryMetadata   '0.1.12',
149 silly pickManifestFromRegistryMetadata   '0.1.13',
149 silly pickManifestFromRegistryMetadata   '0.1.15',
149 silly pickManifestFromRegistryMetadata   '0.1.16',
149 silly pickManifestFromRegistryMetadata   '0.2.0',
149 silly pickManifestFromRegistryMetadata   '0.2.1',
149 silly pickManifestFromRegistryMetadata   '0.2.3',
149 silly pickManifestFromRegistryMetadata   '0.2.4',
149 silly pickManifestFromRegistryMetadata   '0.2.5',
149 silly pickManifestFromRegistryMetadata   '0.2.6',
149 silly pickManifestFromRegistryMetadata   '0.2.7',
149 silly pickManifestFromRegistryMetadata   '0.2.8',
149 silly pickManifestFromRegistryMetadata   '0.2.9',
149 silly pickManifestFromRegistryMetadata   '0.3.0',
149 silly pickManifestFromRegistryMetadata   '0.5.0',
149 silly pickManifestFromRegistryMetadata   '0.5.1',
149 silly pickManifestFromRegistryMetadata   '0.6.0',
149 silly pickManifestFromRegistryMetadata   '1.0.0',
149 silly pickManifestFromRegistryMetadata   '1.1.0',
149 silly pickManifestFromRegistryMetadata   '1.1.1',
149 silly pickManifestFromRegistryMetadata   '1.2.0' ]
150 silly resolveWithNewModule node-schedule@0.1.13 checking installable status
151 silly cache add args [ 'node-schedule@0.1.13', null ]
152 verbose cache add spec node-schedule@0.1.13
153 silly cache add parsed spec Result {
153 silly cache add   raw: 'node-schedule@0.1.13',
153 silly cache add   scope: null,
153 silly cache add   escapedName: 'node-schedule',
153 silly cache add   name: 'node-schedule',
153 silly cache add   rawSpec: '0.1.13',
153 silly cache add   spec: '0.1.13',
153 silly cache add   type: 'version' }
154 silly addNamed node-schedule@0.1.13
155 verbose addNamed "0.1.13" is a plain semver version for node-schedule
156 silly mapToRegistry name node-schedule
157 silly mapToRegistry using default registry
158 silly mapToRegistry registry https://registry.npmjs.org/
159 silly mapToRegistry data Result {
159 silly mapToRegistry   raw: 'node-schedule',
159 silly mapToRegistry   scope: null,
159 silly mapToRegistry   escapedName: 'node-schedule',
159 silly mapToRegistry   name: 'node-schedule',
159 silly mapToRegistry   rawSpec: '',
159 silly mapToRegistry   spec: 'latest',
159 silly mapToRegistry   type: 'tag' }
160 silly mapToRegistry uri https://registry.npmjs.org/node-schedule
161 verbose addNameVersion registry:https://registry.npmjs.org/node-schedule not in flight; fetching
162 verbose get https://registry.npmjs.org/node-schedule not expired, no request
163 silly cache afterAdd node-schedule@0.1.13
164 verbose afterAdd C:\Users\魏巍\AppData\Roaming\npm-cache\node-schedule\0.1.13\package\package.json not in flight; writing
165 verbose correctMkdir C:\Users\魏巍\AppData\Roaming\npm-cache correctMkdir not in flight; initializing
166 verbose afterAdd C:\Users\魏巍\AppData\Roaming\npm-cache\node-schedule\0.1.13\package\package.json written
167 silly loadAllDepsIntoIdealTree Finishing
168 silly loadIdealTree Finishing
169 silly currentTree blog@0.0.0
169 silly currentTree +-- accepts@1.3.3
169 silly currentTree +-- array-flatten@1.1.1
169 silly currentTree +-- async@2.1.4
169 silly currentTree +-- base64-url@1.3.3
169 silly currentTree +-- basic-auth@1.0.4
169 silly currentTree +-- bluebird@2.10.2
169 silly currentTree +-- body-parser@1.16.1
169 silly currentTree +-- bson@1.0.4
169 silly currentTree +-- buffer-shims@1.0.0
169 silly currentTree +-- bytes@2.4.0
169 silly currentTree +-- canvas-captcha@1.0.0
169 silly currentTree +-- captchapng@0.0.1
169 silly currentTree +-- content-disposition@0.5.2
169 silly currentTree +-- content-type@1.0.2
169 silly currentTree +-- cookie-parser@1.4.3
169 silly currentTree +-- cookie-signature@1.0.6
169 silly currentTree +-- cookie@0.3.1
169 silly currentTree +-- core-util-is@1.0.2
169 silly currentTree +-- crc@3.4.4
169 silly currentTree +-- debug@2.6.1
169 silly currentTree +-- depd@1.1.0
169 silly currentTree +-- destroy@1.0.4
169 silly currentTree +-- ee-first@1.1.1
169 silly currentTree +-- ejs@2.5.6
169 silly currentTree +-- encodeurl@1.0.1
169 silly currentTree +-- es6-promise@3.2.1
169 silly currentTree +-- escape-html@1.0.3
169 silly currentTree +-- etag@1.7.0
169 silly currentTree +-- express-session@1.15.1
169 silly currentTree +-- express@4.14.1
169 silly currentTree | +-- debug@2.2.0
169 silly currentTree | +-- ms@0.7.1
169 silly currentTree | `-- qs@6.2.0
169 silly currentTree +-- finalhandler@0.5.1
169 silly currentTree | +-- debug@2.2.0
169 silly currentTree | `-- ms@0.7.1
169 silly currentTree +-- forwarded@0.1.0
169 silly currentTree +-- fresh@0.3.0
169 silly currentTree +-- hooks-fixed@1.2.0
169 silly currentTree +-- http-errors@1.5.1
169 silly currentTree +-- iconv-lite@0.4.15
169 silly currentTree +-- images@3.0.0
169 silly currentTree +-- inherits@2.0.3
169 silly currentTree +-- ipaddr.js@1.2.0
169 silly currentTree +-- isarray@1.0.0
169 silly currentTree +-- jquery@3.1.1
169 silly currentTree +-- kareem@1.2.1
169 silly currentTree +-- lodash@4.17.4
169 silly currentTree +-- media-typer@0.3.0
169 silly currentTree +-- merge-descriptors@1.0.1
169 silly currentTree +-- methods@1.1.2
169 silly currentTree +-- mime-db@1.26.0
169 silly currentTree +-- mime-types@2.1.14
169 silly currentTree +-- mime@1.3.4
169 silly currentTree +-- mongodb-core@2.1.8
169 silly currentTree +-- mongodb@2.2.24
169 silly currentTree +-- mongoose@4.8.4
169 silly currentTree +-- morgan@1.7.0
169 silly currentTree | +-- debug@2.2.0
169 silly currentTree | `-- ms@0.7.1
169 silly currentTree +-- mpath@0.2.1
169 silly currentTree +-- mpromise@0.5.5
169 silly currentTree +-- mquery@2.2.3
169 silly currentTree | +-- debug@2.2.0
169 silly currentTree | +-- ms@0.7.1
169 silly currentTree | `-- sliced@0.0.5
169 silly currentTree +-- ms@0.7.2
169 silly currentTree +-- muri@1.2.1
169 silly currentTree +-- nan@2.5.1
169 silly currentTree +-- negotiator@0.6.1
169 silly currentTree +-- on-finished@2.3.0
169 silly currentTree +-- on-headers@1.0.1
169 silly currentTree +-- parseurl@1.3.1
169 silly currentTree +-- path-to-regexp@0.1.7
169 silly currentTree +-- pnglib@0.0.1
169 silly currentTree +-- process-nextick-args@1.0.7
169 silly currentTree +-- proxy-addr@1.1.3
169 silly currentTree +-- qs@6.2.1
169 silly currentTree +-- random-bytes@1.0.0
169 silly currentTree +-- range-parser@1.2.0
169 silly currentTree +-- raw-body@2.2.0
169 silly currentTree +-- readable-stream@2.1.5
169 silly currentTree +-- regexp-clone@0.0.1
169 silly currentTree +-- require_optional@1.0.0
169 silly currentTree +-- resolve-from@2.0.0
169 silly currentTree +-- semver@5.3.0
169 silly currentTree +-- send@0.14.2
169 silly currentTree | `-- debug@2.2.0
169 silly currentTree |   `-- ms@0.7.1
169 silly currentTree +-- serve-favicon@2.3.2
169 silly currentTree +-- serve-static@1.11.2
169 silly currentTree +-- setprototypeof@1.0.2
169 silly currentTree +-- sliced@1.0.1
169 silly currentTree +-- statuses@1.3.1
169 silly currentTree +-- string_decoder@0.10.31
169 silly currentTree +-- type-is@1.6.14
169 silly currentTree +-- uid-safe@2.1.3
169 silly currentTree +-- unpipe@1.0.0
169 silly currentTree +-- util-deprecate@1.0.2
169 silly currentTree +-- utils-merge@1.0.0
169 silly currentTree `-- vary@1.1.0
170 silly idealTree blog@0.0.0
170 silly idealTree +-- accepts@1.3.3
170 silly idealTree +-- array-flatten@1.1.1
170 silly idealTree +-- async@2.1.4
170 silly idealTree +-- base64-url@1.3.3
170 silly idealTree +-- basic-auth@1.0.4
170 silly idealTree +-- bluebird@2.10.2
170 silly idealTree +-- body-parser@1.16.1
170 silly idealTree +-- bson@1.0.4
170 silly idealTree +-- buffer-shims@1.0.0
170 silly idealTree +-- bytes@2.4.0
170 silly idealTree +-- canvas-captcha@1.0.0
170 silly idealTree +-- captchapng@0.0.1
170 silly idealTree +-- ccap@0.6.10
170 silly idealTree | +-- async@1.4.2
170 silly idealTree | `-- nan@1.7.0
170 silly idealTree +-- content-disposition@0.5.2
170 silly idealTree +-- content-type@1.0.2
170 silly idealTree +-- cookie-parser@1.4.3
170 silly idealTree +-- cookie-signature@1.0.6
170 silly idealTree +-- cookie@0.3.1
170 silly idealTree +-- core-util-is@1.0.2
170 silly idealTree +-- crc@3.4.4
170 silly idealTree +-- debug@2.6.1
170 silly idealTree +-- depd@1.1.0
170 silly idealTree +-- destroy@1.0.4
170 silly idealTree +-- ee-first@1.1.1
170 silly idealTree +-- ejs@2.5.6
170 silly idealTree +-- encodeurl@1.0.1
170 silly idealTree +-- es6-promise@3.2.1
170 silly idealTree +-- escape-html@1.0.3
170 silly idealTree +-- etag@1.7.0
170 silly idealTree +-- express-session@1.15.1
170 silly idealTree +-- express@4.14.1
170 silly idealTree | +-- debug@2.2.0
170 silly idealTree | +-- ms@0.7.1
170 silly idealTree | `-- qs@6.2.0
170 silly idealTree +-- finalhandler@0.5.1
170 silly idealTree | +-- debug@2.2.0
170 silly idealTree | `-- ms@0.7.1
170 silly idealTree +-- forwarded@0.1.0
170 silly idealTree +-- fresh@0.3.0
170 silly idealTree +-- hooks-fixed@1.2.0
170 silly idealTree +-- http-errors@1.5.1
170 silly idealTree +-- iconv-lite@0.4.15
170 silly idealTree +-- images@3.0.0
170 silly idealTree +-- inherits@2.0.3
170 silly idealTree +-- ipaddr.js@1.2.0
170 silly idealTree +-- isarray@1.0.0
170 silly idealTree +-- jquery@3.1.1
170 silly idealTree +-- kareem@1.2.1
170 silly idealTree +-- lodash@4.17.4
170 silly idealTree +-- media-typer@0.3.0
170 silly idealTree +-- merge-descriptors@1.0.1
170 silly idealTree +-- methods@1.1.2
170 silly idealTree +-- mime-db@1.26.0
170 silly idealTree +-- mime-types@2.1.14
170 silly idealTree +-- mime@1.3.4
170 silly idealTree +-- mongodb-core@2.1.8
170 silly idealTree +-- mongodb@2.2.24
170 silly idealTree +-- mongoose@4.8.4
170 silly idealTree +-- morgan@1.7.0
170 silly idealTree | +-- debug@2.2.0
170 silly idealTree | `-- ms@0.7.1
170 silly idealTree +-- mpath@0.2.1
170 silly idealTree +-- mpromise@0.5.5
170 silly idealTree +-- mquery@2.2.3
170 silly idealTree | +-- debug@2.2.0
170 silly idealTree | +-- ms@0.7.1
170 silly idealTree | `-- sliced@0.0.5
170 silly idealTree +-- ms@0.7.2
170 silly idealTree +-- muri@1.2.1
170 silly idealTree +-- nan@2.5.1
170 silly idealTree +-- negotiator@0.6.1
170 silly idealTree +-- node-schedule@0.1.13
170 silly idealTree +-- on-finished@2.3.0
170 silly idealTree +-- on-headers@1.0.1
170 silly idealTree +-- parseurl@1.3.1
170 silly idealTree +-- path-to-regexp@0.1.7
170 silly idealTree +-- pnglib@0.0.1
170 silly idealTree +-- process-nextick-args@1.0.7
170 silly idealTree +-- proxy-addr@1.1.3
170 silly idealTree +-- qs@6.2.1
170 silly idealTree +-- random-bytes@1.0.0
170 silly idealTree +-- range-parser@1.2.0
170 silly idealTree +-- raw-body@2.2.0
170 silly idealTree +-- readable-stream@2.1.5
170 silly idealTree +-- regexp-clone@0.0.1
170 silly idealTree +-- require_optional@1.0.0
170 silly idealTree +-- resolve-from@2.0.0
170 silly idealTree +-- semver@5.3.0
170 silly idealTree +-- send@0.14.2
170 silly idealTree | `-- debug@2.2.0
170 silly idealTree |   `-- ms@0.7.1
170 silly idealTree +-- serve-favicon@2.3.2
170 silly idealTree +-- serve-static@1.11.2
170 silly idealTree +-- setprototypeof@1.0.2
170 silly idealTree +-- sliced@1.0.1
170 silly idealTree +-- statuses@1.3.1
170 silly idealTree +-- string_decoder@0.10.31
170 silly idealTree +-- type-is@1.6.14
170 silly idealTree +-- uid-safe@2.1.3
170 silly idealTree +-- unpipe@1.0.0
170 silly idealTree +-- util-deprecate@1.0.2
170 silly idealTree +-- utils-merge@1.0.0
170 silly idealTree `-- vary@1.1.0
171 silly generateActionsToTake Starting
172 silly install generateActionsToTake
173 silly generateActionsToTake Finishing
174 silly diffTrees action count 4
175 silly diffTrees add async@1.4.2
176 silly diffTrees add nan@1.7.0
177 silly diffTrees add node-schedule@0.1.13
178 silly diffTrees add ccap@0.6.10
179 silly decomposeActions action count 32
180 silly decomposeActions fetch async@1.4.2
181 silly decomposeActions extract async@1.4.2
182 silly decomposeActions test async@1.4.2
183 silly decomposeActions preinstall async@1.4.2
184 silly decomposeActions build async@1.4.2
185 silly decomposeActions install async@1.4.2
186 silly decomposeActions postinstall async@1.4.2
187 silly decomposeActions finalize async@1.4.2
188 silly decomposeActions fetch nan@1.7.0
189 silly decomposeActions extract nan@1.7.0
190 silly decomposeActions test nan@1.7.0
191 silly decomposeActions preinstall nan@1.7.0
192 silly decomposeActions build nan@1.7.0
193 silly decomposeActions install nan@1.7.0
194 silly decomposeActions postinstall nan@1.7.0
195 silly decomposeActions finalize nan@1.7.0
196 silly decomposeActions fetch node-schedule@0.1.13
197 silly decomposeActions extract node-schedule@0.1.13
198 silly decomposeActions test node-schedule@0.1.13
199 silly decomposeActions preinstall node-schedule@0.1.13
200 silly decomposeActions build node-schedule@0.1.13
201 silly decomposeActions install node-schedule@0.1.13
202 silly decomposeActions postinstall node-schedule@0.1.13
203 silly decomposeActions finalize node-schedule@0.1.13
204 silly decomposeActions fetch ccap@0.6.10
205 silly decomposeActions extract ccap@0.6.10
206 silly decomposeActions test ccap@0.6.10
207 silly decomposeActions preinstall ccap@0.6.10
208 silly decomposeActions build ccap@0.6.10
209 silly decomposeActions install ccap@0.6.10
210 silly decomposeActions postinstall ccap@0.6.10
211 silly decomposeActions finalize ccap@0.6.10
212 silly runTopLevelLifecycles Starting
213 silly executeActions Starting
214 silly install executeActions
215 silly doSerial global-install 0
216 silly doParallel fetch 4
217 verbose correctMkdir C:\Users\魏巍\AppData\Roaming\npm-cache\_locks correctMkdir not in flight; initializing
218 verbose lock using C:\Users\魏巍\AppData\Roaming\npm-cache\_locks\staging-abfb3b74a9d24688.lock for G:\nodejs\blog\node_modules\.staging
219 silly doParallel extract 4
220 silly extract async@1.4.2
221 silly extract nan@1.7.0
222 silly extract node-schedule@0.1.13
223 silly extract ccap@0.6.10
224 verbose unbuild node_modules\.staging\async-d43b9057
225 verbose unbuild node_modules\.staging\node-schedule-88745f06
226 verbose unbuild node_modules\.staging\nan-93a08f42
227 verbose unbuild node_modules\.staging\ccap-78bcfe61
228 silly gentlyRm G:\nodejs\blog\node_modules\.staging\async-d43b9057 is being purged from base G:\nodejs\blog
229 verbose gentlyRm don't care about contents; nuking G:\nodejs\blog\node_modules\.staging\async-d43b9057
230 silly gentlyRm G:\nodejs\blog\node_modules\.staging\node-schedule-88745f06 is being purged from base G:\nodejs\blog
231 verbose gentlyRm don't care about contents; nuking G:\nodejs\blog\node_modules\.staging\node-schedule-88745f06
232 silly gentlyRm G:\nodejs\blog\node_modules\.staging\nan-93a08f42 is being purged from base G:\nodejs\blog
233 verbose gentlyRm don't care about contents; nuking G:\nodejs\blog\node_modules\.staging\nan-93a08f42
234 silly gentlyRm G:\nodejs\blog\node_modules\.staging\ccap-78bcfe61 is being purged from base G:\nodejs\blog
235 verbose gentlyRm don't care about contents; nuking G:\nodejs\blog\node_modules\.staging\ccap-78bcfe61
236 verbose tar unpack C:\Users\魏巍\AppData\Roaming\npm-cache\async\1.4.2\package.tgz
237 verbose tar unpacking to G:\nodejs\blog\node_modules\.staging\async-d43b9057
238 silly gentlyRm G:\nodejs\blog\node_modules\.staging\async-d43b9057 is being purged
239 verbose gentlyRm don't care about contents; nuking G:\nodejs\blog\node_modules\.staging\async-d43b9057
240 verbose tar unpack C:\Users\魏巍\AppData\Roaming\npm-cache\node-schedule\0.1.13\package.tgz
241 verbose tar unpacking to G:\nodejs\blog\node_modules\.staging\node-schedule-88745f06
242 silly gentlyRm G:\nodejs\blog\node_modules\.staging\node-schedule-88745f06 is being purged
243 verbose gentlyRm don't care about contents; nuking G:\nodejs\blog\node_modules\.staging\node-schedule-88745f06
244 verbose tar unpack C:\Users\魏巍\AppData\Roaming\npm-cache\nan\1.7.0\package.tgz
245 verbose tar unpacking to G:\nodejs\blog\node_modules\.staging\nan-93a08f42
246 silly gentlyRm G:\nodejs\blog\node_modules\.staging\nan-93a08f42 is being purged
247 verbose gentlyRm don't care about contents; nuking G:\nodejs\blog\node_modules\.staging\nan-93a08f42
248 verbose tar unpack C:\Users\魏巍\AppData\Roaming\npm-cache\ccap\0.6.10\package.tgz
249 verbose tar unpacking to G:\nodejs\blog\node_modules\.staging\ccap-78bcfe61
250 silly gentlyRm G:\nodejs\blog\node_modules\.staging\ccap-78bcfe61 is being purged
251 verbose gentlyRm don't care about contents; nuking G:\nodejs\blog\node_modules\.staging\ccap-78bcfe61
252 silly gunzTarPerm modes [ '777', '666' ]
253 silly gunzTarPerm modes [ '777', '666' ]
254 silly gunzTarPerm modes [ '777', '666' ]
255 silly gunzTarPerm modes [ '777', '666' ]
256 silly gunzTarPerm extractEntry package.json
257 silly gunzTarPerm modified mode [ 'package.json', 420, 438 ]
258 silly gunzTarPerm extractEntry package.json
259 silly gunzTarPerm modified mode [ 'package.json', 420, 438 ]
260 silly gunzTarPerm extractEntry package.json
261 silly gunzTarPerm modified mode [ 'package.json', 436, 438 ]
262 silly gunzTarPerm extractEntry package.json
263 silly gunzTarPerm extractEntry LICENSE
264 silly gunzTarPerm modified mode [ 'LICENSE', 420, 438 ]
265 silly gunzTarPerm extractEntry CHANGELOG.md
266 silly gunzTarPerm modified mode [ 'CHANGELOG.md', 420, 438 ]
267 silly gunzTarPerm extractEntry .npmignore
268 silly gunzTarPerm modified mode [ '.npmignore', 420, 438 ]
269 silly gunzTarPerm extractEntry README.md
270 silly gunzTarPerm modified mode [ 'README.md', 420, 438 ]
271 silly gunzTarPerm extractEntry include_dirs.js
272 silly gunzTarPerm modified mode [ 'include_dirs.js', 436, 438 ]
273 silly gunzTarPerm extractEntry LICENSE.md
274 silly gunzTarPerm modified mode [ 'LICENSE.md', 436, 438 ]
275 silly gunzTarPerm extractEntry .npmignore
276 silly gunzTarPerm extractEntry index.js
277 silly gunzTarPerm extractEntry lib/increment.js
278 silly gunzTarPerm modified mode [ 'lib/increment.js', 420, 438 ]
279 silly gunzTarPerm extractEntry lib/schedule.js
280 silly gunzTarPerm modified mode [ 'lib/schedule.js', 420, 438 ]
281 silly gunzTarPerm extractEntry lib/async.js
282 silly gunzTarPerm modified mode [ 'lib/async.js', 420, 438 ]
283 silly gunzTarPerm extractEntry .dntrc
284 silly gunzTarPerm modified mode [ '.dntrc', 436, 438 ]
285 silly gunzTarPerm extractEntry appveyor.yml
286 silly gunzTarPerm modified mode [ 'appveyor.yml', 436, 438 ]
287 silly gunzTarPerm extractEntry make.js
288 silly gunzTarPerm extractEntry example/custom_get.js
289 silly gunzTarPerm extractEntry test/convenience-method-test.js
290 silly gunzTarPerm modified mode [ 'test/convenience-method-test.js', 420, 438 ]
291 silly gunzTarPerm extractEntry nan.h
292 silly gunzTarPerm modified mode [ 'nan.h', 436, 438 ]
293 silly gunzTarPerm extractEntry nan_implementation_12_inl.h
294 silly gunzTarPerm modified mode [ 'nan_implementation_12_inl.h', 436, 438 ]
295 silly gunzTarPerm extractEntry nan_implementation_pre_12_inl.h
296 silly gunzTarPerm modified mode [ 'nan_implementation_pre_12_inl.h', 436, 438 ]
297 silly gunzTarPerm extractEntry nan_new.h
298 silly gunzTarPerm modified mode [ 'nan_new.h', 436, 438 ]
299 silly gunzTarPerm extractEntry nan_string_bytes.h
300 silly gunzTarPerm modified mode [ 'nan_string_bytes.h', 436, 438 ]
301 silly gunzTarPerm extractEntry CHANGELOG.md
302 silly gunzTarPerm modified mode [ 'CHANGELOG.md', 436, 438 ]
303 silly gunzTarPerm extractEntry example/custom_get2.js
304 silly gunzTarPerm extractEntry example/default_get.js
305 silly gunzTarPerm extractEntry test/date-convenience-methods-test.js
306 silly gunzTarPerm modified mode [ 'test/date-convenience-methods-test.js', 420, 438 ]
307 silly gunzTarPerm extractEntry test/job-test.js
308 silly gunzTarPerm modified mode [ 'test/job-test.js', 420, 438 ]
309 silly gunzTarPerm extractEntry example/web_example.js
310 silly gunzTarPerm extractEntry binding.gyp
311 silly gunzTarPerm extractEntry .travis.yml
312 silly gunzTarPerm extractEntry test/range-test.js
313 silly gunzTarPerm modified mode [ 'test/range-test.js', 420, 438 ]
314 silly gunzTarPerm extractEntry test/recurrence-rule-test.js
315 silly gunzTarPerm modified mode [ 'test/recurrence-rule-test.js', 420, 438 ]
316 silly gunzTarPerm extractEntry lib/dir.js
317 silly gunzTarPerm extractEntry lib/gen.js
318 silly gunzTarPerm extractEntry lib/hcap.js
319 silly gunzTarPerm extractEntry lib/timer.js
320 silly gentlyRm G:\nodejs\blog\node_modules\.staging\async-d43b9057\node_modules is being purged
321 verbose gentlyRm don't care about contents; nuking G:\nodejs\blog\node_modules\.staging\async-d43b9057\node_modules
322 silly gunzTarPerm extractEntry addon/cap.cc
323 silly gunzTarPerm extractEntry addon/cap.h
324 silly gunzTarPerm extractEntry addon/hcaptha.cc
325 silly gunzTarPerm extractEntry addon/jpeglib/jddctmgr.c
326 silly gunzTarPerm extractEntry addon/jpeglib/CImg.h
327 silly gentlyRm G:\nodejs\blog\node_modules\.staging\node-schedule-88745f06\node_modules is being purged
328 verbose gentlyRm don't care about contents; nuking G:\nodejs\blog\node_modules\.staging\node-schedule-88745f06\node_modules
329 silly gentlyRm G:\nodejs\blog\node_modules\.staging\nan-93a08f42\node_modules is being purged
330 verbose gentlyRm don't care about contents; nuking G:\nodejs\blog\node_modules\.staging\nan-93a08f42\node_modules
331 silly gunzTarPerm extractEntry addon/jpeglib/Licence_CeCILL_V2-en.txt
332 silly gunzTarPerm extractEntry addon/jpeglib/README.txt
333 silly gunzTarPerm extractEntry addon/jpeglib/cderror.h
334 silly gunzTarPerm extractEntry addon/jpeglib/cdjpeg.h
335 silly gunzTarPerm extractEntry addon/jpeglib/jaricom.c
336 silly gunzTarPerm extractEntry addon/jpeglib/jcapimin.c
337 silly gunzTarPerm extractEntry addon/jpeglib/jcapistd.c
338 silly gunzTarPerm extractEntry addon/jpeglib/jcarith.c
339 silly gunzTarPerm extractEntry addon/jpeglib/jccoefct.c
340 silly gunzTarPerm extractEntry addon/jpeglib/jccolor.c
341 silly gunzTarPerm extractEntry addon/jpeglib/jcdctmgr.c
342 silly gunzTarPerm extractEntry addon/jpeglib/jchuff.c
343 silly gunzTarPerm extractEntry addon/jpeglib/jcinit.c
344 silly gunzTarPerm extractEntry addon/jpeglib/jcmainct.c
345 silly gunzTarPerm extractEntry addon/jpeglib/jcmarker.c
346 silly gunzTarPerm extractEntry addon/jpeglib/jcmaster.c
347 silly gunzTarPerm extractEntry addon/jpeglib/jcomapi.c
348 silly gunzTarPerm extractEntry addon/jpeglib/jconfig.h
349 silly gunzTarPerm extractEntry addon/jpeglib/jcparam.c
350 silly gunzTarPerm extractEntry addon/jpeglib/jcprepct.c
351 silly gunzTarPerm extractEntry addon/jpeglib/jcsample.c
352 silly gunzTarPerm extractEntry addon/jpeglib/jctrans.c
353 silly gunzTarPerm extractEntry addon/jpeglib/jdapimin.c
354 silly gunzTarPerm extractEntry addon/jpeglib/jdapistd.c
355 silly gunzTarPerm extractEntry addon/jpeglib/jdarith.c
356 silly gunzTarPerm extractEntry addon/jpeglib/jdatadst.c
357 silly gunzTarPerm extractEntry addon/jpeglib/jdatasrc.c
358 silly gunzTarPerm extractEntry addon/jpeglib/jdcoefct.c
359 silly gunzTarPerm extractEntry addon/jpeglib/jdcolor.c
360 silly gunzTarPerm extractEntry addon/jpeglib/jdct.h
361 silly gunzTarPerm extractEntry addon/jpeglib/Licence_CeCILL-C_V1-en.txt
362 silly gunzTarPerm extractEntry addon/jpeglib/jdhuff.c
363 silly gunzTarPerm extractEntry addon/jpeglib/jdinput.c
364 silly gunzTarPerm extractEntry addon/jpeglib/jdmainct.c
365 silly gunzTarPerm extractEntry addon/jpeglib/jdmarker.c
366 silly gunzTarPerm extractEntry addon/jpeglib/jdmaster.c
367 silly gunzTarPerm extractEntry addon/jpeglib/jdmerge.c
368 silly gunzTarPerm extractEntry addon/jpeglib/jdpostct.c
369 silly gunzTarPerm extractEntry addon/jpeglib/jdsample.c
370 silly gunzTarPerm extractEntry addon/jpeglib/jdtrans.c
371 silly gunzTarPerm extractEntry addon/jpeglib/jerror.c
372 silly gunzTarPerm extractEntry addon/jpeglib/jerror.h
373 silly gunzTarPerm extractEntry addon/jpeglib/jfdctflt.c
374 silly gunzTarPerm extractEntry addon/jpeglib/jfdctfst.c
375 silly gunzTarPerm extractEntry addon/jpeglib/jfdctint.c
376 silly gunzTarPerm extractEntry addon/jpeglib/jidctflt.c
377 silly gunzTarPerm extractEntry addon/jpeglib/jidctfst.c
378 silly gunzTarPerm extractEntry addon/jpeglib/jidctint.c
379 silly gunzTarPerm extractEntry addon/jpeglib/jinclude.h
380 silly gunzTarPerm extractEntry addon/jpeglib/jmemmgr.c
381 silly gunzTarPerm extractEntry addon/jpeglib/jmemnobs.c
382 silly gunzTarPerm extractEntry addon/jpeglib/jmemsys.h
383 silly gunzTarPerm extractEntry addon/jpeglib/jmorecfg.h
384 silly gunzTarPerm extractEntry addon/jpeglib/jpegint.h
385 silly gunzTarPerm extractEntry addon/jpeglib/jpeglib.h
386 silly gunzTarPerm extractEntry addon/jpeglib/jquant1.c
387 silly gunzTarPerm extractEntry addon/jpeglib/jquant2.c
388 silly gunzTarPerm extractEntry addon/jpeglib/jutils.c
389 silly gunzTarPerm extractEntry addon/jpeglib/jversion.h
390 silly gunzTarPerm extractEntry addon/jpeglib/libjpeg.so
391 silly gunzTarPerm extractEntry addon/jpeglib/plugins/jpeg_buffer.h
392 silly gunzTarPerm extractEntry addon/jpeglib/plugins/add_fileformat.h
393 silly gunzTarPerm extractEntry addon/jpeglib/plugins/cimg_ipl.h
394 silly gunzTarPerm extractEntry addon/jpeglib/plugins/cimgmatlab.h
395 silly gunzTarPerm extractEntry addon/jpeglib/plugins/draw_gradient.h
396 silly gunzTarPerm extractEntry addon/jpeglib/plugins/cimgIPL.h
397 silly gunzTarPerm extractEntry addon/jpeglib/plugins/loop_macros.h
398 silly gunzTarPerm extractEntry addon/jpeglib/plugins/nlmeans.h
399 silly gunzTarPerm extractEntry addon/jpeglib/plugins/skeleton.h
400 silly gunzTarPerm extractEntry addon/jpeglib/plugins/vrml.h
401 silly gunzTarPerm extractEntry addon/jpeglib/plugins/vtk.h
402 silly gunzTarPerm extractEntry addon/jpeglib/resources/compile_win_icl.bat
403 silly gunzTarPerm extractEntry addon/jpeglib/resources/compile_win_visualcpp.bat
404 silly gunzTarPerm extractEntry addon/jpeglib/transupp.h
405 silly gunzTarPerm extractEntry addon/libjpeg.dll
406 silly gunzTarPerm extractEntry benchmark/generate.js
407 silly gunzTarPerm extractEntry readme.md
408 silly gunzTarPerm extractEntry test/main_test.js
409 silly gentlyRm G:\nodejs\blog\node_modules\.staging\ccap-78bcfe61\node_modules is being purged
410 verbose gentlyRm don't care about contents; nuking G:\nodejs\blog\node_modules\.staging\ccap-78bcfe61\node_modules
411 silly doParallel preinstall 4
412 silly preinstall async@1.4.2
413 info lifecycle async@1.4.2~preinstall: async@1.4.2
414 silly preinstall nan@1.7.0
415 info lifecycle nan@1.7.0~preinstall: nan@1.7.0
416 silly preinstall node-schedule@0.1.13
417 info lifecycle node-schedule@0.1.13~preinstall: node-schedule@0.1.13
418 silly preinstall ccap@0.6.10
419 info lifecycle ccap@0.6.10~preinstall: ccap@0.6.10
420 silly lifecycle async@1.4.2~preinstall: no script for preinstall, continuing
421 silly lifecycle nan@1.7.0~preinstall: no script for preinstall, continuing
422 silly lifecycle node-schedule@0.1.13~preinstall: no script for preinstall, continuing
423 verbose lifecycle ccap@0.6.10~preinstall: unsafe-perm in lifecycle true
424 verbose lifecycle ccap@0.6.10~preinstall: PATH: C:\Program Files\nodejs\node_modules\npm\bin\node-gyp-bin;G:\nodejs\blog\node_modules\.staging\ccap-78bcfe61\node_modules\.bin;G:\nodejs\blog\node_modules\.bin;C:\Users\魏巍\AppData\Local\GitHub\PortableGit_f02737a78695063deace08e96d5042710d3e32db\cmd;C:\Users\魏巍\AppData\Local\GitHub\PortableGit_f02737a78695063deace08e96d5042710d3e32db\usr\bin;C:\Users\魏巍\AppData\Local\GitHub\PortableGit_f02737a78695063deace08e96d5042710d3e32db\usr\share\git-tfs;C:\Users\魏巍\AppData\Local\Apps\2.0\O15W1X90.MMV\KZQ5AGNW.1N3\gith..tion_317444273a93ac29_0003.0003_5794af8169eeff14;C:\Users\魏巍\AppData\Local\GitHub\lfs-amd64_1.5.5;C:\ProgramData\Oracle\Java\javapath;C:\WINDOWS\system32;C:\WINDOWS;C:\WINDOWS\System32\Wbem;C:\WINDOWS\System32\WindowsPowerShell\v1.0\;C:\Program Files\nodejs\;C:\Program Files\Java\jdk1.8.0_121\bin;C:\Program Files\Java\jdk1.8.0_121\jre\bin;C:\Android\platform-tools;C:\Android\tools;D:\phpStudy\php\php-5.5.38;C:\ProgramData\ComposerSetup\bin;C:\ProgramData\chocolatey\bin;C:\Users\魏巍\AppData\Roaming\npm;C:\Users\魏巍\AppData\Roaming\Composer\vendor\bin;C:\Users\魏巍\AppData\Local\atom\bin;;C:\Windows\Microsoft.NET\Framework\v4.0.30319\
425 verbose lifecycle ccap@0.6.10~preinstall: CWD: G:\nodejs\blog\node_modules\.staging\ccap-78bcfe61
426 silly lifecycle ccap@0.6.10~preinstall: Args: [ '/d /s /c', 'node make.js' ]
427 silly lifecycle ccap@0.6.10~preinstall: Returned: code: 0  signal: null
428 silly doReverseSerial remove 0
429 silly doSerial move 0
430 silly doSerial finalize 4
431 silly finalize G:\nodejs\blog\node_modules\ccap\node_modules\async
432 silly finalize G:\nodejs\blog\node_modules\ccap\node_modules\nan
433 silly finalize G:\nodejs\blog\node_modules\node-schedule
434 silly finalize G:\nodejs\blog\node_modules\ccap
435 silly doSerial build 4
436 silly build async@1.4.2
437 info linkStuff async@1.4.2
438 silly linkStuff async@1.4.2 has G:\nodejs\blog\node_modules\ccap\node_modules as its parent node_modules
439 verbose linkBins async@1.4.2
440 verbose linkMans async@1.4.2
441 silly build nan@1.7.0
442 info linkStuff nan@1.7.0
443 silly linkStuff nan@1.7.0 has G:\nodejs\blog\node_modules\ccap\node_modules as its parent node_modules
444 verbose linkBins nan@1.7.0
445 verbose linkMans nan@1.7.0
446 silly build node-schedule@0.1.13
447 info linkStuff node-schedule@0.1.13
448 silly linkStuff node-schedule@0.1.13 has G:\nodejs\blog\node_modules as its parent node_modules
449 verbose linkBins node-schedule@0.1.13
450 verbose linkMans node-schedule@0.1.13
451 silly build ccap@0.6.10
452 info linkStuff ccap@0.6.10
453 silly linkStuff ccap@0.6.10 has G:\nodejs\blog\node_modules as its parent node_modules
454 verbose linkBins ccap@0.6.10
455 verbose linkMans ccap@0.6.10
456 silly doSerial global-link 0
457 silly doParallel update-linked 0
458 silly doSerial install 4
459 silly install async@1.4.2
460 info lifecycle async@1.4.2~install: async@1.4.2
461 silly lifecycle async@1.4.2~install: no script for install, continuing
462 silly install nan@1.7.0
463 info lifecycle nan@1.7.0~install: nan@1.7.0
464 silly lifecycle nan@1.7.0~install: no script for install, continuing
465 silly install node-schedule@0.1.13
466 info lifecycle node-schedule@0.1.13~install: node-schedule@0.1.13
467 silly lifecycle node-schedule@0.1.13~install: no script for install, continuing
468 silly install ccap@0.6.10
469 info lifecycle ccap@0.6.10~install: ccap@0.6.10
470 verbose lifecycle ccap@0.6.10~install: unsafe-perm in lifecycle true
471 verbose lifecycle ccap@0.6.10~install: PATH: C:\Program Files\nodejs\node_modules\npm\bin\node-gyp-bin;G:\nodejs\blog\node_modules\ccap\node_modules\.bin;G:\nodejs\blog\node_modules\.bin;C:\Users\魏巍\AppData\Local\GitHub\PortableGit_f02737a78695063deace08e96d5042710d3e32db\cmd;C:\Users\魏巍\AppData\Local\GitHub\PortableGit_f02737a78695063deace08e96d5042710d3e32db\usr\bin;C:\Users\魏巍\AppData\Local\GitHub\PortableGit_f02737a78695063deace08e96d5042710d3e32db\usr\share\git-tfs;C:\Users\魏巍\AppData\Local\Apps\2.0\O15W1X90.MMV\KZQ5AGNW.1N3\gith..tion_317444273a93ac29_0003.0003_5794af8169eeff14;C:\Users\魏巍\AppData\Local\GitHub\lfs-amd64_1.5.5;C:\ProgramData\Oracle\Java\javapath;C:\WINDOWS\system32;C:\WINDOWS;C:\WINDOWS\System32\Wbem;C:\WINDOWS\System32\WindowsPowerShell\v1.0\;C:\Program Files\nodejs\;C:\Program Files\Java\jdk1.8.0_121\bin;C:\Program Files\Java\jdk1.8.0_121\jre\bin;C:\Android\platform-tools;C:\Android\tools;D:\phpStudy\php\php-5.5.38;C:\ProgramData\ComposerSetup\bin;C:\ProgramData\chocolatey\bin;C:\Users\魏巍\AppData\Roaming\npm;C:\Users\魏巍\AppData\Roaming\Composer\vendor\bin;C:\Users\魏巍\AppData\Local\atom\bin;;C:\Windows\Microsoft.NET\Framework\v4.0.30319\
472 verbose lifecycle ccap@0.6.10~install: CWD: G:\nodejs\blog\node_modules\ccap
473 silly lifecycle ccap@0.6.10~install: Args: [ '/d /s /c', 'node-gyp rebuild' ]
474 silly lifecycle ccap@0.6.10~install: Returned: code: 1  signal: null
475 info lifecycle ccap@0.6.10~install: Failed to exec install script
476 verbose unlock done using C:\Users\魏巍\AppData\Roaming\npm-cache\_locks\staging-abfb3b74a9d24688.lock for G:\nodejs\blog\node_modules\.staging
477 silly rollbackFailedOptional Starting
478 silly gentlyRm G:\nodejs\blog\node_modules\ccap\node_modules\async is being purged from base G:\nodejs\blog
479 verbose gentlyRm don't care about contents; nuking G:\nodejs\blog\node_modules\ccap\node_modules\async
480 silly gentlyRm G:\nodejs\blog\node_modules\ccap\node_modules\async is being purged from base G:\nodejs\blog
481 verbose gentlyRm don't care about contents; nuking G:\nodejs\blog\node_modules\ccap\node_modules\async
482 silly gentlyRm G:\nodejs\blog\node_modules\ccap\node_modules\async is being purged from base G:\nodejs\blog
483 verbose gentlyRm don't care about contents; nuking G:\nodejs\blog\node_modules\ccap\node_modules\async
484 silly gentlyRm G:\nodejs\blog\node_modules\ccap\node_modules\async is being purged from base G:\nodejs\blog
485 verbose gentlyRm don't care about contents; nuking G:\nodejs\blog\node_modules\ccap\node_modules\async
486 silly gentlyRm G:\nodejs\blog\node_modules\ccap\node_modules\async is being purged from base G:\nodejs\blog
487 verbose gentlyRm don't care about contents; nuking G:\nodejs\blog\node_modules\ccap\node_modules\async
488 silly gentlyRm G:\nodejs\blog\node_modules\ccap\node_modules\async is being purged from base G:\nodejs\blog
489 verbose gentlyRm don't care about contents; nuking G:\nodejs\blog\node_modules\ccap\node_modules\async
490 silly gentlyRm G:\nodejs\blog\node_modules\ccap\node_modules\async is being purged from base G:\nodejs\blog
491 verbose gentlyRm don't care about contents; nuking G:\nodejs\blog\node_modules\ccap\node_modules\async
492 silly gentlyRm G:\nodejs\blog\node_modules\ccap\node_modules\async is being purged from base G:\nodejs\blog
493 verbose gentlyRm don't care about contents; nuking G:\nodejs\blog\node_modules\ccap\node_modules\async
494 silly gentlyRm G:\nodejs\blog\node_modules\ccap\node_modules\nan is being purged from base G:\nodejs\blog
495 verbose gentlyRm don't care about contents; nuking G:\nodejs\blog\node_modules\ccap\node_modules\nan
496 silly gentlyRm G:\nodejs\blog\node_modules\ccap\node_modules\nan is being purged from base G:\nodejs\blog
497 verbose gentlyRm don't care about contents; nuking G:\nodejs\blog\node_modules\ccap\node_modules\nan
498 silly gentlyRm G:\nodejs\blog\node_modules\ccap\node_modules\nan is being purged from base G:\nodejs\blog
499 verbose gentlyRm don't care about contents; nuking G:\nodejs\blog\node_modules\ccap\node_modules\nan
500 silly gentlyRm G:\nodejs\blog\node_modules\ccap\node_modules\nan is being purged from base G:\nodejs\blog
501 verbose gentlyRm don't care about contents; nuking G:\nodejs\blog\node_modules\ccap\node_modules\nan
502 silly gentlyRm G:\nodejs\blog\node_modules\ccap\node_modules\nan is being purged from base G:\nodejs\blog
503 verbose gentlyRm don't care about contents; nuking G:\nodejs\blog\node_modules\ccap\node_modules\nan
504 silly gentlyRm G:\nodejs\blog\node_modules\ccap\node_modules\nan is being purged from base G:\nodejs\blog
505 verbose gentlyRm don't care about contents; nuking G:\nodejs\blog\node_modules\ccap\node_modules\nan
506 silly gentlyRm G:\nodejs\blog\node_modules\ccap\node_modules\nan is being purged from base G:\nodejs\blog
507 verbose gentlyRm don't care about contents; nuking G:\nodejs\blog\node_modules\ccap\node_modules\nan
508 silly gentlyRm G:\nodejs\blog\node_modules\ccap\node_modules\nan is being purged from base G:\nodejs\blog
509 verbose gentlyRm don't care about contents; nuking G:\nodejs\blog\node_modules\ccap\node_modules\nan
510 silly gentlyRm G:\nodejs\blog\node_modules\node-schedule is being purged from base G:\nodejs\blog
511 verbose gentlyRm don't care about contents; nuking G:\nodejs\blog\node_modules\node-schedule
512 silly gentlyRm G:\nodejs\blog\node_modules\node-schedule is being purged from base G:\nodejs\blog
513 verbose gentlyRm don't care about contents; nuking G:\nodejs\blog\node_modules\node-schedule
514 silly gentlyRm G:\nodejs\blog\node_modules\node-schedule is being purged from base G:\nodejs\blog
515 verbose gentlyRm don't care about contents; nuking G:\nodejs\blog\node_modules\node-schedule
516 silly gentlyRm G:\nodejs\blog\node_modules\node-schedule is being purged from base G:\nodejs\blog
517 verbose gentlyRm don't care about contents; nuking G:\nodejs\blog\node_modules\node-schedule
518 silly gentlyRm G:\nodejs\blog\node_modules\node-schedule is being purged from base G:\nodejs\blog
519 verbose gentlyRm don't care about contents; nuking G:\nodejs\blog\node_modules\node-schedule
520 silly gentlyRm G:\nodejs\blog\node_modules\node-schedule is being purged from base G:\nodejs\blog
521 verbose gentlyRm don't care about contents; nuking G:\nodejs\blog\node_modules\node-schedule
522 silly gentlyRm G:\nodejs\blog\node_modules\node-schedule is being purged from base G:\nodejs\blog
523 verbose gentlyRm don't care about contents; nuking G:\nodejs\blog\node_modules\node-schedule
524 silly gentlyRm G:\nodejs\blog\node_modules\node-schedule is being purged from base G:\nodejs\blog
525 verbose gentlyRm don't care about contents; nuking G:\nodejs\blog\node_modules\node-schedule
526 silly gentlyRm G:\nodejs\blog\node_modules\ccap is being purged from base G:\nodejs\blog
527 verbose gentlyRm don't care about contents; nuking G:\nodejs\blog\node_modules\ccap
528 silly gentlyRm G:\nodejs\blog\node_modules\ccap is being purged from base G:\nodejs\blog
529 verbose gentlyRm don't care about contents; nuking G:\nodejs\blog\node_modules\ccap
530 silly gentlyRm G:\nodejs\blog\node_modules\ccap is being purged from base G:\nodejs\blog
531 verbose gentlyRm don't care about contents; nuking G:\nodejs\blog\node_modules\ccap
532 silly gentlyRm G:\nodejs\blog\node_modules\ccap is being purged from base G:\nodejs\blog
533 verbose gentlyRm don't care about contents; nuking G:\nodejs\blog\node_modules\ccap
534 silly gentlyRm G:\nodejs\blog\node_modules\ccap is being purged from base G:\nodejs\blog
535 verbose gentlyRm don't care about contents; nuking G:\nodejs\blog\node_modules\ccap
536 silly gentlyRm G:\nodejs\blog\node_modules\ccap is being purged from base G:\nodejs\blog
537 verbose gentlyRm don't care about contents; nuking G:\nodejs\blog\node_modules\ccap
538 silly gentlyRm G:\nodejs\blog\node_modules\ccap is being purged from base G:\nodejs\blog
539 verbose gentlyRm don't care about contents; nuking G:\nodejs\blog\node_modules\ccap
540 silly gentlyRm G:\nodejs\blog\node_modules\ccap is being purged from base G:\nodejs\blog
541 verbose gentlyRm don't care about contents; nuking G:\nodejs\blog\node_modules\ccap
542 silly vacuum-fs purging G:\nodejs\blog\node_modules\ccap\node_modules\async
543 silly vacuum-fs purging G:\nodejs\blog\node_modules\ccap\node_modules\async
544 silly vacuum-fs purging G:\nodejs\blog\node_modules\ccap\node_modules\async
545 silly vacuum-fs purging G:\nodejs\blog\node_modules\ccap\node_modules\async
546 silly vacuum-fs purging G:\nodejs\blog\node_modules\ccap\node_modules\async
547 silly vacuum-fs purging G:\nodejs\blog\node_modules\ccap\node_modules\async
548 silly vacuum-fs purging G:\nodejs\blog\node_modules\ccap\node_modules\async
549 silly vacuum-fs purging G:\nodejs\blog\node_modules\ccap\node_modules\async
550 silly vacuum-fs purging G:\nodejs\blog\node_modules\ccap\node_modules\nan
551 silly vacuum-fs purging G:\nodejs\blog\node_modules\ccap\node_modules\nan
552 silly vacuum-fs purging G:\nodejs\blog\node_modules\ccap\node_modules\nan
553 silly vacuum-fs purging G:\nodejs\blog\node_modules\ccap\node_modules\nan
554 silly vacuum-fs purging G:\nodejs\blog\node_modules\ccap\node_modules\nan
555 silly vacuum-fs purging G:\nodejs\blog\node_modules\ccap\node_modules\nan
556 silly vacuum-fs purging G:\nodejs\blog\node_modules\ccap\node_modules\nan
557 silly vacuum-fs purging G:\nodejs\blog\node_modules\ccap\node_modules\nan
558 silly vacuum-fs purging G:\nodejs\blog\node_modules\node-schedule
559 silly vacuum-fs purging G:\nodejs\blog\node_modules\node-schedule
560 silly vacuum-fs purging G:\nodejs\blog\node_modules\node-schedule
561 silly vacuum-fs purging G:\nodejs\blog\node_modules\node-schedule
562 silly vacuum-fs purging G:\nodejs\blog\node_modules\node-schedule
563 silly vacuum-fs purging G:\nodejs\blog\node_modules\node-schedule
564 silly vacuum-fs purging G:\nodejs\blog\node_modules\node-schedule
565 silly vacuum-fs purging G:\nodejs\blog\node_modules\node-schedule
566 silly vacuum-fs purging G:\nodejs\blog\node_modules\ccap
567 silly vacuum-fs purging G:\nodejs\blog\node_modules\ccap
568 silly vacuum-fs purging G:\nodejs\blog\node_modules\ccap
569 silly vacuum-fs purging G:\nodejs\blog\node_modules\ccap
570 silly vacuum-fs purging G:\nodejs\blog\node_modules\ccap
571 silly vacuum-fs purging G:\nodejs\blog\node_modules\ccap
572 silly vacuum-fs purging G:\nodejs\blog\node_modules\ccap
573 silly vacuum-fs purging G:\nodejs\blog\node_modules\ccap
574 silly vacuum-fs quitting because other entries in G:\nodejs\blog\node_modules\ccap\node_modules
575 silly vacuum-fs quitting because other entries in G:\nodejs\blog\node_modules\ccap\node_modules
576 silly vacuum-fs quitting because other entries in G:\nodejs\blog\node_modules\ccap\node_modules
577 silly vacuum-fs quitting because other entries in G:\nodejs\blog\node_modules\ccap\node_modules
578 silly vacuum-fs quitting because other entries in G:\nodejs\blog\node_modules\ccap\node_modules
579 silly vacuum-fs quitting because other entries in G:\nodejs\blog\node_modules\ccap\node_modules
580 silly vacuum-fs quitting because other entries in G:\nodejs\blog\node_modules\ccap\node_modules
581 silly vacuum-fs removing G:\nodejs\blog\node_modules\ccap\node_modules
582 silly vacuum-fs quitting because other entries in G:\nodejs\blog\node_modules
583 silly vacuum-fs quitting because other entries in G:\nodejs\blog\node_modules
584 silly vacuum-fs quitting because other entries in G:\nodejs\blog\node_modules
585 silly vacuum-fs quitting because other entries in G:\nodejs\blog\node_modules
586 silly vacuum-fs quitting because other entries in G:\nodejs\blog\node_modules
587 silly vacuum-fs quitting because other entries in G:\nodejs\blog\node_modules
588 silly vacuum-fs quitting because other entries in G:\nodejs\blog\node_modules
589 silly vacuum-fs quitting because other entries in G:\nodejs\blog\node_modules
590 silly vacuum-fs quitting because other entries in G:\nodejs\blog\node_modules
591 silly vacuum-fs quitting because other entries in G:\nodejs\blog\node_modules
592 silly vacuum-fs quitting because other entries in G:\nodejs\blog\node_modules
593 silly vacuum-fs quitting because other entries in G:\nodejs\blog\node_modules
594 silly vacuum-fs quitting because other entries in G:\nodejs\blog\node_modules
595 silly vacuum-fs quitting because other entries in G:\nodejs\blog\node_modules
596 silly vacuum-fs quitting because other entries in G:\nodejs\blog\node_modules
597 silly vacuum-fs quitting because other entries in G:\nodejs\blog\node_modules
598 silly rollbackFailedOptional Finishing
599 silly runTopLevelLifecycles Finishing
600 silly install printInstalled
601 verbose stack Error: ccap@0.6.10 install: `node-gyp rebuild`
601 verbose stack Exit status 1
601 verbose stack     at EventEmitter.<anonymous> (C:\Program Files\nodejs\node_modules\npm\lib\utils\lifecycle.js:279:16)
601 verbose stack     at emitTwo (events.js:106:13)
601 verbose stack     at EventEmitter.emit (events.js:192:7)
601 verbose stack     at ChildProcess.<anonymous> (C:\Program Files\nodejs\node_modules\npm\lib\utils\spawn.js:40:14)
601 verbose stack     at emitTwo (events.js:106:13)
601 verbose stack     at ChildProcess.emit (events.js:192:7)
601 verbose stack     at maybeClose (internal/child_process.js:890:16)
601 verbose stack     at Process.ChildProcess._handle.onexit (internal/child_process.js:226:5)
602 verbose pkgid ccap@0.6.10
603 verbose cwd G:\nodejs\blog
604 error Windows_NT 10.0.10240
605 error argv "C:\\Program Files\\nodejs\\node.exe" "C:\\Program Files\\nodejs\\node_modules\\npm\\bin\\npm-cli.js" "install" "ccap"
606 error node v7.5.0
607 error npm  v4.1.2
608 error code ELIFECYCLE
609 error ccap@0.6.10 install: `node-gyp rebuild`
609 error Exit status 1
610 error Failed at the ccap@0.6.10 install script 'node-gyp rebuild'.
610 error Make sure you have the latest version of node.js and npm installed.
610 error If you do, this is most likely a problem with the ccap package,
610 error not with npm itself.
610 error Tell the author that this fails on your system:
610 error     node-gyp rebuild
610 error You can get information on how to open an issue for this project with:
610 error     npm bugs ccap
610 error Or if that isn't available, you can get their info via:
610 error     npm owner ls ccap
610 error There is likely additional logging output above.
611 verbose exit [ 1, true ]
